PCAD Importer Log
Project : LMS1587CT-ADJ.LibPkg

Section : D:\ALÝTÝUM\güç-lab\buck-boost converter\LÝB\LMS1587CT-ADJ.lia
    Section : PCB Library - LMS1587CT-ADJ.PcbLib
        Section : Load Messages
            Warning - 1 : Skipping Token LMS1587CT-ADJ On Line 125
            Warning - 1 : Skipping Token attachedSymbol On Line 176
        EndSection

        Section : Import Messages
        EndSection
    EndSection

    Section : SCH Library - LMS1587CT-ADJ.SchLib
        Section : Parsing Messages
            Warning - 1 : Skipping Token padStyleDef On Line 9
            Warning - 1 : Skipping Token padStyleDef On Line 21
            Warning - 1 : Skipping Token multiLayer On Line 96
            Warning - 1 : Skipping Token layerContents On Line 101
            Warning - 1 : Skipping Token layerContents On Line 107
            Warning - 1 : Skipping Token layerContents On Line 115
        EndSection

        Section : Generating SCH Library - LMS1587CT-ADJ.SchLib
        EndSection
    EndSection
EndSection
