Added Component: Designator=1N?(1N4158)
Add component. Clean all parameters for all variants
Added Component: Designator=3.3 v(klemens)
Add component. Clean all parameters for all variants
Added Component: Designator=12 v(klemens)
Add component. Clean all parameters for all variants
Added Component: Designator=B1(rocket switch)
Add component. Clean all parameters for all variants
Added Component: Designator=C1(0,01 uf)
Add component. Clean all parameters for all variants
Added Component: Designator=C2(0,22uf)
Add component. Clean all parameters for all variants
Added Component: Designator=C3(100 uf)
Add component. Clean all parameters for all variants
Added Component: Designator=E1(TL_494)
Add component. Clean all parameters for all variants
Added Component: Designator=E2(IR_2101)
Add component. Clean all parameters for all variants
Added Component: Designator=I1(induktor)
Add component. Clean all parameters for all variants
Added Component: Designator=M1(IRF510)
Add component. Clean all parameters for all variants
Added Component: Designator=pot1(pot)
Add component. Clean all parameters for all variants
Add component (AddParameter): Name = "LatestRevisionDate"; Value = "17-Jul-2002"; VariantName = "[No Variations]"
Add component (AddParameter): Name = "LatestRevisionNote"; Value = "Re-released for DXP Platform."; VariantName = "[No Variations]"
Add component (AddParameter): Name = "PackageDescription"; Value = "Variable Resistor, Thru-Hole; 3 Leads"; VariantName = "[No Variations]"
Add component (AddParameter): Name = "PackageReference"; Value = "VR5"; VariantName = "[No Variations]"
Add component (AddParameter): Name = "Published"; Value = "8-Jun-2000"; VariantName = "[No Variations]"
Add component (AddParameter): Name = "Publisher"; Value = "Altium Limited"; VariantName = "[No Variations]"
Add component (AddParameter): Name = "Set Position"; Value = "0.5"; VariantName = "[No Variations]"
Add component (AddParameter): Name = "Sim Note"; Value = "Enter the Resistance value and the set point into parameter fields."; VariantName = "[No Variations]"
Add component (AddParameter): Name = "Value"; Value = "10K"; VariantName = "[No Variations]"
Added Component: Designator=pot2(pot)
Add component. Clean all parameters for all variants
Add component (AddParameter): Name = "LatestRevisionDate"; Value = "17-Jul-2002"; VariantName = "[No Variations]"
Add component (AddParameter): Name = "LatestRevisionNote"; Value = "Re-released for DXP Platform."; VariantName = "[No Variations]"
Add component (AddParameter): Name = "PackageDescription"; Value = "Variable Resistor, Thru-Hole; 3 Leads"; VariantName = "[No Variations]"
Add component (AddParameter): Name = "PackageReference"; Value = "VR5"; VariantName = "[No Variations]"
Add component (AddParameter): Name = "Published"; Value = "8-Jun-2000"; VariantName = "[No Variations]"
Add component (AddParameter): Name = "Publisher"; Value = "Altium Limited"; VariantName = "[No Variations]"
Add component (AddParameter): Name = "Set Position"; Value = "0.5"; VariantName = "[No Variations]"
Add component (AddParameter): Name = "Sim Note"; Value = "Enter the Resistance value and the set point into parameter fields."; VariantName = "[No Variations]"
Add component (AddParameter): Name = "Value"; Value = "50K"; VariantName = "[No Variations]"
Added Component: Designator=R 1(1k)
Add component. Clean all parameters for all variants
Added Component: Designator=R2(1k)
Add component. Clean all parameters for all variants
Added Component: Designator=R3(100R)
Add component. Clean all parameters for all variants
Added Component: Designator=TAÞ DÝRENÇ(HEADER 2)
Add component. Clean all parameters for all variants
Added Pin To Net: NetName=GND Pin=3.3 v-2
Added Pin To Net: NetName=GND Pin=12 v-2
Added Pin To Net: NetName=GND Pin=C1-1
Added Pin To Net: NetName=GND Pin=C1-1
Added Pin To Net: NetName=GND Pin=C1-1
Added Pin To Net: NetName=GND Pin=C1-1
Added Pin To Net: NetName=GND Pin=C3-1
Added Pin To Net: NetName=GND Pin=C3-1
Added Pin To Net: NetName=GND Pin=C3-1
Added Pin To Net: NetName=GND Pin=C3-1
Added Pin To Net: NetName=GND Pin=E1-4
Added Pin To Net: NetName=GND Pin=E1-7
Added Pin To Net: NetName=GND Pin=E1-13
Added Pin To Net: NetName=GND Pin=E1-15
Added Pin To Net: NetName=GND Pin=E1-16
Added Pin To Net: NetName=GND Pin=E2-4
Added Pin To Net: NetName=GND Pin=I1-2
Added Pin To Net: NetName=GND Pin=R2-2
Added Pin To Net: NetName=GND Pin=TAÞ DÝRENÇ-1
Added Net: Name=GND
Added Pin To Net: NetName=Net1N?_A Pin=1N?-A
Added Pin To Net: NetName=Net1N?_A Pin=12 v-1
Added Pin To Net: NetName=Net1N?_A Pin=E1-12
Added Pin To Net: NetName=Net1N?_A Pin=E2-1
Added Net: Name=Net1N?_A
Added Pin To Net: NetName=Net1N?_C Pin=1N?-C
Added Pin To Net: NetName=Net1N?_C Pin=C2-2
Added Pin To Net: NetName=Net1N?_C Pin=E2-8
Added Net: Name=Net1N?_C
Added Pin To Net: NetName=Net3.3 v_1 Pin=3.3 v-1
Added Pin To Net: NetName=Net3.3 v_1 Pin=B1-3
Added Net: Name=Net3.3 v_1
Added Pin To Net: NetName=NetB1_1 Pin=B1-1
Added Pin To Net: NetName=NetB1_1 Pin=M1-2
Added Net: Name=NetB1_1
Added Pin To Net: NetName=NetC1_2 Pin=C1-2
Added Pin To Net: NetName=NetC1_2 Pin=E1-5
Added Net: Name=NetC1_2
Added Pin To Net: NetName=NetC2_1 Pin=C2-1
Added Pin To Net: NetName=NetC2_1 Pin=C2-1
Added Pin To Net: NetName=NetC2_1 Pin=C2-1
Added Pin To Net: NetName=NetC2_1 Pin=C2-1
Added Pin To Net: NetName=NetC2_1 Pin=C3-2
Added Pin To Net: NetName=NetC2_1 Pin=E1-6
Added Pin To Net: NetName=NetC2_1 Pin=E2-6
Added Pin To Net: NetName=NetC2_1 Pin=I1-1
Added Pin To Net: NetName=NetC2_1 Pin=M1-3
Added Pin To Net: NetName=NetC2_1 Pin=TAÞ DÝRENÇ-2
Added Net: Name=NetC2_1
Added Pin To Net: NetName=NetE1_1 Pin=E1-1
Added Pin To Net: NetName=NetE1_1 Pin=R 1-2
Added Net: Name=NetE1_1
Added Pin To Net: NetName=NetE1_2 Pin=E1-2
Added Pin To Net: NetName=NetE1_2 Pin=E1-3
Added Net: Name=NetE1_2
Added Pin To Net: NetName=NetE1_8 Pin=E1-8
Added Pin To Net: NetName=NetE1_8 Pin=E1-14
Added Net: Name=NetE1_8
Added Pin To Net: NetName=NetE1_9 Pin=E1-9
Added Pin To Net: NetName=NetE1_9 Pin=E2-2
Added Pin To Net: NetName=NetE1_9 Pin=E2-3
Added Pin To Net: NetName=NetE1_9 Pin=R2-1
Added Pin To Net: NetName=NetE1_9 Pin=R2-1
Added Net: Name=NetE1_9
Added Pin To Net: NetName=NetE2_7 Pin=E2-7
Added Pin To Net: NetName=NetE2_7 Pin=R3-1
Added Pin To Net: NetName=NetE2_7 Pin=R3-1
Added Net: Name=NetE2_7
Added Pin To Net: NetName=NetM1_1 Pin=M1-1
Added Pin To Net: NetName=NetM1_1 Pin=R3-2
Added Net: Name=NetM1_1
Added Pin To Net: NetName=Netpot1_3 Pin=R 1-1
Added Pin To Net: NetName=Netpot1_3 Pin=R 1-1
Added Net: Name=Netpot1_3
Added Class: Name=buck_boost
Added Room: Name=buck_boost
