Change Component Designator: OldDesignator=* NewDesignator=1
Change Component Designator: OldDesignator=* NewDesignator=1
Change Component Designator: OldDesignator=* NewDesignator=1
Change Component Designator: OldDesignator=* NewDesignator=1
Change Component Designator: OldDesignator=* NewDesignator=1N4158
Change Component Designator: OldDesignator=IR_? NewDesignator=yük 
Change Component Designator: OldDesignator=R? NewDesignator=pot1
Change Component Designator: OldDesignator=R? NewDesignator=pot2
Change Net Name : Old Net Name=Net*_1 New Net Name=Net1_1
Change Net Name : Old Net Name=Net*_2 New Net Name=Net1_2
Change Net Name : Old Net Name=Net*_3 New Net Name=Net1_3
Change Net Name : Old Net Name=Net*_5 New Net Name=Net1_5
Change Net Name : Old Net Name=Net*_6 New Net Name=Net1_6
Change Net Name : Old Net Name=Net*_7 New Net Name=Net1_7
Change Net Name : Old Net Name=Net*_8 New Net Name=Net1_8
Change Net Name : Old Net Name=NetIR_?_1 New Net Name=Netyük _1
Change Net Name : Old Net Name=NetR?_3 New Net Name=Netpot2_3
Added Member To Class: ClassName=buck_CONVERTER Member=Component 1N4158
Added Member To Class: ClassName=buck_CONVERTER Member=Component 1 TL494
Added Member To Class: ClassName=buck_CONVERTER Member=Component 1 IR_2101
Added Member To Class: ClassName=buck_CONVERTER Member=Component 1 1N5822
Added Member To Class: ClassName=buck_CONVERTER Member=Component pot1 RPot
